\BOOKMARK [1][-]{Doc-Start}{Declaration}{}% 1
\BOOKMARK [1][-]{section*.1}{Abstract}{}% 2
\BOOKMARK [1][-]{section.1}{Introduction}{}% 3
\BOOKMARK [2][-]{subsection.1.1}{Motivation}{section.1}% 4
\BOOKMARK [2][-]{subsection.1.2}{COVID-19}{section.1}% 5
\BOOKMARK [1][-]{section.2}{Related Works}{}% 6
\BOOKMARK [2][-]{subsection.2.1}{Object detection for video summarization}{section.2}% 7
\BOOKMARK [2][-]{subsection.2.2}{Understanding video by detecting human motions}{section.2}% 8
\BOOKMARK [1][-]{section.3}{Design and Implementation}{}% 9
\BOOKMARK [2][-]{subsection.3.1}{Mid-Project Changes}{section.3}% 10
\BOOKMARK [2][-]{subsection.3.2}{Planned Flow}{section.3}% 11
\BOOKMARK [2][-]{subsection.3.3}{Object Detection}{section.3}% 12
\BOOKMARK [3][-]{subsubsection.3.3.1}{Object Detection - YOLOv3}{subsection.3.3}% 13
\BOOKMARK [3][-]{subsubsection.3.3.2}{Retraining the YOLOv3}{subsection.3.3}% 14
\BOOKMARK [3][-]{subsubsection.3.3.3}{Merging the sets of detected objects}{subsection.3.3}% 15
\BOOKMARK [3][-]{subsubsection.3.3.4}{Selecting frames that are used for object detection}{subsection.3.3}% 16
\BOOKMARK [2][-]{subsection.3.4}{Action Detection}{section.3}% 17
\BOOKMARK [3][-]{subsubsection.3.4.1}{Action detection models - Epic Kitchens}{subsection.3.4}% 18
\BOOKMARK [3][-]{subsubsection.3.4.2}{Top K nouns and verbs}{subsection.3.4}% 19
\BOOKMARK [3][-]{subsubsection.3.4.3}{Merging outputs from each action detection models}{subsection.3.4}% 20
\BOOKMARK [3][-]{subsubsection.3.4.4}{Action detection with OpenCV and scikit-video}{subsection.3.4}% 21
\BOOKMARK [2][-]{subsection.3.5}{Merging the sub-systems}{section.3}% 22
\BOOKMARK [3][-]{subsubsection.3.5.1}{Filtering the most irrelevant words}{subsection.3.5}% 23
\BOOKMARK [3][-]{subsubsection.3.5.2}{Compressing the results}{subsection.3.5}% 24
\BOOKMARK [1][-]{section.4}{Results and Discussion}{}% 25
\BOOKMARK [2][-]{subsection.4.1}{Comparison with DOER}{section.4}% 26
\BOOKMARK [2][-]{subsection.4.2}{Evaluation}{section.4}% 27
\BOOKMARK [3][-]{subsubsection.4.2.1}{Evaluation for the retrained YOLOv3 models}{subsection.4.2}% 28
\BOOKMARK [3][-]{subsubsection.4.2.2}{Evaluation for the action detection system}{subsection.4.2}% 29
\BOOKMARK [3][-]{subsubsection.4.2.3}{Evaluation for the Video Summarisation system}{subsection.4.2}% 30
\BOOKMARK [2][-]{subsection.4.3}{Discussion}{section.4}% 31
\BOOKMARK [3][-]{subsubsection.4.3.1}{Impact}{subsection.4.3}% 32
\BOOKMARK [3][-]{subsubsection.4.3.2}{Future Work and Improvements}{subsection.4.3}% 33
\BOOKMARK [1][-]{section.5}{Conclusion}{}% 34
\BOOKMARK [1][-]{section.6}{References}{}% 35
\BOOKMARK [1][-]{section.7}{Appendix}{}% 36
\BOOKMARK [2][-]{subsection.7.1}{Installation}{section.7}% 37
\BOOKMARK [2][-]{subsection.7.2}{Environments}{section.7}% 38
\BOOKMARK [2][-]{subsection.7.3}{Instructions}{section.7}% 39
\BOOKMARK [2][-]{subsection.7.4}{Technologies Used}{section.7}% 40
\BOOKMARK [3][-]{subsubsection.7.4.1}{YOLOv3}{subsection.7.4}% 41
\BOOKMARK [3][-]{subsubsection.7.4.2}{Action Detection System}{subsection.7.4}% 42
